This is pdfTeX, Version 3.141592653-2.6-1.40.24 (MiKTeX 22.1) (preloaded format=pdflatex 2024.6.6)  22 JUL 2024 17:57
entering extended mode
 restricted \write18 enabled.
 file:line:error style messages enabled.
 %&-line parsing enabled.
**/Users/siddhartha/Documents/Professional/DDP/Report/main.tex
(/Users/siddhartha/Documents/Professional/DDP/Report/main.tex
LaTeX2e <2024-06-01>
L3 programming layer <2024-05-08>
(/Users/siddhartha/Library/Application Support/MiKTeX/texmfs/install/tex/latex/base/article.cls
Document Class: article 2024/02/08 v1.4n Standard LaTeX document class
(/Users/siddhartha/Library/Application Support/MiKTeX/texmfs/install/tex/latex/base/size10.clo
File: size10.clo 2024/02/08 v1.4n Standard LaTeX file (size option)
)
\c@part=\count194
\c@section=\count195
\c@subsection=\count196
\c@subsubsection=\count197
\c@paragraph=\count198
\c@subparagraph=\count199
\c@figure=\count266
\c@table=\count267
\abovecaptionskip=\skip49
\belowcaptionskip=\skip50
\bibindent=\dimen141
) (/Users/siddhartha/Library/Application Support/MiKTeX/texmfs/install/tex/latex/graphics/graphicx.sty
Package: graphicx 2021/09/16 v1.2d Enhanced LaTeX Graphics (DPC,SPQR)
 (/Users/siddhartha/Library/Application Support/MiKTeX/texmfs/install/tex/latex/graphics/keyval.sty
Package: keyval 2022/05/29 v1.15 key=value parser (DPC)
\KV@toks@=\toks17
) (/Users/siddhartha/Library/Application Support/MiKTeX/texmfs/install/tex/latex/graphics/graphics.sty
Package: graphics 2022/03/10 v1.4e Standard LaTeX Graphics (DPC,SPQR)
 (/Users/siddhartha/Library/Application Support/MiKTeX/texmfs/install/tex/latex/graphics/trig.sty
Package: trig 2021/08/11 v1.11 sin cos tan (DPC)
) (/Users/siddhartha/Library/Application Support/MiKTeX/texmfs/install/tex/latex/graphics-cfg/graphics.cfg
File: graphics.cfg 2016/06/04 v1.11 sample graphics configuration
)
Package graphics Info: Driver file: pdftex.def on input line 107.
 (/Users/siddhartha/Library/Application Support/MiKTeX/texmfs/install/tex/latex/graphics-def/pdftex.def
File: pdftex.def 2024/04/13 v1.2c Graphics/color driver for pdftex
))
\Gin@req@height=\dimen142
\Gin@req@width=\dimen143
) (/Users/siddhartha/Library/Application Support/MiKTeX/texmfs/install/tex/latex/amsmath/amsmath.sty
Package: amsmath 2023/05/13 v2.17o AMS math features
\@mathmargin=\skip51

For additional information on amsmath, use the `?' option.
(/Users/siddhartha/Library/Application Support/MiKTeX/texmfs/install/tex/latex/amsmath/amstext.sty
Package: amstext 2021/08/26 v2.01 AMS text
 (/Users/siddhartha/Library/Application Support/MiKTeX/texmfs/install/tex/latex/amsmath/amsgen.sty
File: amsgen.sty 1999/11/30 v2.0 generic functions
\@emptytoks=\toks18
\ex@=\dimen144
)) (/Users/siddhartha/Library/Application Support/MiKTeX/texmfs/install/tex/latex/amsmath/amsbsy.sty
Package: amsbsy 1999/11/29 v1.2d Bold Symbols
\pmbraise@=\dimen145
) (/Users/siddhartha/Library/Application Support/MiKTeX/texmfs/install/tex/latex/amsmath/amsopn.sty
Package: amsopn 2022/04/08 v2.04 operator names
)
\inf@bad=\count268
LaTeX Info: Redefining \frac on input line 234.
\uproot@=\count269
\leftroot@=\count270
LaTeX Info: Redefining \overline on input line 399.
LaTeX Info: Redefining \colon on input line 410.
\classnum@=\count271
\DOTSCASE@=\count272
LaTeX Info: Redefining \ldots on input line 496.
LaTeX Info: Redefining \dots on input line 499.
LaTeX Info: Redefining \cdots on input line 620.
\Mathstrutbox@=\box52
\strutbox@=\box53
LaTeX Info: Redefining \big on input line 722.
LaTeX Info: Redefining \Big on input line 723.
LaTeX Info: Redefining \bigg on input line 724.
LaTeX Info: Redefining \Bigg on input line 725.
\big@size=\dimen146
LaTeX Font Info:    Redeclaring font encoding OML on input line 743.
LaTeX Font Info:    Redeclaring font encoding OMS on input line 744.
\macc@depth=\count273
LaTeX Info: Redefining \bmod on input line 905.
LaTeX Info: Redefining \pmod on input line 910.
LaTeX Info: Redefining \smash on input line 940.
LaTeX Info: Redefining \relbar on input line 970.
LaTeX Info: Redefining \Relbar on input line 971.
\c@MaxMatrixCols=\count274
\dotsspace@=\muskip17
\c@parentequation=\count275
\dspbrk@lvl=\count276
\tag@help=\toks19
\row@=\count277
\column@=\count278
\maxfields@=\count279
\andhelp@=\toks20
\eqnshift@=\dimen147
\alignsep@=\dimen148
\tagshift@=\dimen149
\tagwidth@=\dimen150
\totwidth@=\dimen151
\lineht@=\dimen152
\@envbody=\toks21
\multlinegap=\skip52
\multlinetaggap=\skip53
\mathdisplay@stack=\toks22
LaTeX Info: Redefining \[ on input line 2953.
LaTeX Info: Redefining \] on input line 2954.
) (/Users/siddhartha/Library/Application Support/MiKTeX/texmfs/install/tex/latex/mathtools/mathtools.sty
Package: mathtools 2024/03/11 v1.30 mathematical typesetting tools
 (/Users/siddhartha/Library/Application Support/MiKTeX/texmfs/install/tex/latex/tools/calc.sty
Package: calc 2023/07/08 v4.3 Infix arithmetic (KKT,FJ)
\calc@Acount=\count280
\calc@Bcount=\count281
\calc@Adimen=\dimen153
\calc@Bdimen=\dimen154
\calc@Askip=\skip54
\calc@Bskip=\skip55
LaTeX Info: Redefining \setlength on input line 80.
LaTeX Info: Redefining \addtolength on input line 81.
\calc@Ccount=\count282
\calc@Cskip=\skip56
) (/Users/siddhartha/Library/Application Support/MiKTeX/texmfs/install/tex/latex/mathtools/mhsetup.sty
Package: mhsetup 2021/03/18 v1.4 programming setup (MH)
)
\g_MT_multlinerow_int=\count283
\l_MT_multwidth_dim=\dimen155
\origjot=\skip57
\l_MT_shortvdotswithinadjustabove_dim=\dimen156
\l_MT_shortvdotswithinadjustbelow_dim=\dimen157
\l_MT_above_intertext_sep=\dimen158
\l_MT_below_intertext_sep=\dimen159
\l_MT_above_shortintertext_sep=\dimen160
\l_MT_below_shortintertext_sep=\dimen161
\xmathstrut@box=\box54
\xmathstrut@dim=\dimen162
) (/Users/siddhartha/Library/Application Support/MiKTeX/texmfs/install/tex/latex/hyperref/hyperref.sty
Package: hyperref 2024-05-23 v7.01i Hypertext links for LaTeX
 (/Users/siddhartha/Library/Application Support/MiKTeX/texmfs/install/tex/generic/iftex/iftex.sty
Package: iftex 2022/02/03 v1.0f TeX engine tests
) (/Users/siddhartha/Library/Application Support/MiKTeX/texmfs/install/tex/latex/kvsetkeys/kvsetkeys.sty
Package: kvsetkeys 2022-10-05 v1.19 Key value parser (HO)
) (/Users/siddhartha/Library/Application Support/MiKTeX/texmfs/install/tex/generic/kvdefinekeys/kvdefinekeys.sty
Package: kvdefinekeys 2019-12-19 v1.6 Define keys (HO)
) (/Users/siddhartha/Library/Application Support/MiKTeX/texmfs/install/tex/generic/pdfescape/pdfescape.sty
Package: pdfescape 2019/12/09 v1.15 Implements pdfTeX's escape features (HO)
 (/Users/siddhartha/Library/Application Support/MiKTeX/texmfs/install/tex/generic/ltxcmds/ltxcmds.sty
Package: ltxcmds 2023-12-04 v1.26 LaTeX kernel commands for general use (HO)
) (/Users/siddhartha/Library/Application Support/MiKTeX/texmfs/install/tex/generic/pdftexcmds/pdftexcmds.sty
Package: pdftexcmds 2020-06-27 v0.33 Utility functions of pdfTeX for LuaTeX (HO)
 (/Users/siddhartha/Library/Application Support/MiKTeX/texmfs/install/tex/generic/infwarerr/infwarerr.sty
Package: infwarerr 2019/12/03 v1.5 Providing info/warning/error messages (HO)
)
Package pdftexcmds Info: \pdf@primitive is available.
Package pdftexcmds Info: \pdf@ifprimitive is available.
Package pdftexcmds Info: \pdfdraftmode found.
)) (/Users/siddhartha/Library/Application Support/MiKTeX/texmfs/install/tex/latex/hycolor/hycolor.sty
Package: hycolor 2020-01-27 v1.10 Color options for hyperref/bookmark (HO)
) (/Users/siddhartha/Library/Application Support/MiKTeX/texmfs/install/tex/latex/hyperref/nameref.sty
Package: nameref 2023-11-26 v2.56 Cross-referencing by name of section
 (/Users/siddhartha/Library/Application Support/MiKTeX/texmfs/install/tex/latex/refcount/refcount.sty
Package: refcount 2019/12/15 v3.6 Data extraction from label references (HO)
) (/Users/siddhartha/Library/Application Support/MiKTeX/texmfs/install/tex/generic/gettitlestring/gettitlestring.sty
Package: gettitlestring 2019/12/15 v1.6 Cleanup title references (HO)
 (/Users/siddhartha/Library/Application Support/MiKTeX/texmfs/install/tex/latex/kvoptions/kvoptions.sty
Package: kvoptions 2022-06-15 v3.15 Key value format for package options (HO)
))
\c@section@level=\count284
) (/Users/siddhartha/Library/Application Support/MiKTeX/texmfs/install/tex/latex/etoolbox/etoolbox.sty
Package: etoolbox 2020/10/05 v2.5k e-TeX tools for LaTeX (JAW)
\etb@tempcnta=\count285
) (/Users/siddhartha/Library/Application Support/MiKTeX/texmfs/install/tex/generic/stringenc/stringenc.sty
Package: stringenc 2019/11/29 v1.12 Convert strings between diff. encodings (HO)
)
\@linkdim=\dimen163
\Hy@linkcounter=\count286
\Hy@pagecounter=\count287
 (/Users/siddhartha/Library/Application Support/MiKTeX/texmfs/install/tex/latex/hyperref/pd1enc.def
File: pd1enc.def 2024-05-23 v7.01i Hyperref: PDFDocEncoding definition (HO)
Now handling font encoding PD1 ...
... no UTF-8 mapping file for font encoding PD1
) (/Users/siddhartha/Library/Application Support/MiKTeX/texmfs/install/tex/generic/intcalc/intcalc.sty
Package: intcalc 2019/12/15 v1.3 Expandable calculations with integers (HO)
)
\Hy@SavedSpaceFactor=\count288
 (/Users/siddhartha/Library/Application Support/MiKTeX/texmfs/install/tex/latex/hyperref/puenc.def
File: puenc.def 2024-05-23 v7.01i Hyperref: PDF Unicode definition (HO)
Now handling font encoding PU ...
... no UTF-8 mapping file for font encoding PU
)
Package hyperref Info: Hyper figures OFF on input line 4157.
Package hyperref Info: Link nesting OFF on input line 4162.
Package hyperref Info: Hyper index ON on input line 4165.
Package hyperref Info: Plain pages OFF on input line 4172.
Package hyperref Info: Backreferencing OFF on input line 4177.
Package hyperref Info: Implicit mode ON; LaTeX internals redefined.
Package hyperref Info: Bookmarks ON on input line 4424.
\c@Hy@tempcnt=\count289
 (/Users/siddhartha/Library/Application Support/MiKTeX/texmfs/install/tex/latex/url/url.sty
\Urlmuskip=\muskip18
Package: url 2013/09/16  ver 3.4  Verb mode for urls, etc.
)
LaTeX Info: Redefining \url on input line 4763.
\XeTeXLinkMargin=\dimen164
 (/Users/siddhartha/Library/Application Support/MiKTeX/texmfs/install/tex/generic/bitset/bitset.sty
Package: bitset 2019/12/09 v1.3 Handle bit-vector datatype (HO)
 (/Users/siddhartha/Library/Application Support/MiKTeX/texmfs/install/tex/generic/bigintcalc/bigintcalc.sty
Package: bigintcalc 2019/12/15 v1.5 Expandable calculations on big integers (HO)
))
\Fld@menulength=\count290
\Field@Width=\dimen165
\Fld@charsize=\dimen166
Package hyperref Info: Hyper figures OFF on input line 6042.
Package hyperref Info: Link nesting OFF on input line 6047.
Package hyperref Info: Hyper index ON on input line 6050.
Package hyperref Info: backreferencing OFF on input line 6057.
Package hyperref Info: Link coloring OFF on input line 6062.
Package hyperref Info: Link coloring with OCG OFF on input line 6067.
Package hyperref Info: PDF/A mode OFF on input line 6072.
 (/Users/siddhartha/Library/Application Support/MiKTeX/texmfs/install/tex/latex/base/atbegshi-ltx.sty
Package: atbegshi-ltx 2021/01/10 v1.0c Emulation of the original atbegshi
package with kernel methods
)
\Hy@abspage=\count291
\c@Item=\count292
\c@Hfootnote=\count293
)
Package hyperref Info: Driver (autodetected): hpdftex.
 (/Users/siddhartha/Library/Application Support/MiKTeX/texmfs/install/tex/latex/hyperref/hpdftex.def
File: hpdftex.def 2024-05-23 v7.01i Hyperref driver for pdfTeX
 (/Users/siddhartha/Library/Application Support/MiKTeX/texmfs/install/tex/latex/base/atveryend-ltx.sty
Package: atveryend-ltx 2020/08/19 v1.0a Emulation of the original atveryend package
with kernel methods
)
\Fld@listcount=\count294
\c@bookmark@seq@number=\count295
 (/Users/siddhartha/Library/Application Support/MiKTeX/texmfs/install/tex/latex/rerunfilecheck/rerunfilecheck.sty
Package: rerunfilecheck 2022-07-10 v1.10 Rerun checks for auxiliary files (HO)
 (/Users/siddhartha/Library/Application Support/MiKTeX/texmfs/install/tex/generic/uniquecounter/uniquecounter.sty
Package: uniquecounter 2019/12/15 v1.4 Provide unlimited unique counter (HO)
)
Package uniquecounter Info: New unique counter `rerunfilecheck' on input line 285.
)
\Hy@SectionHShift=\skip58
) (/Users/siddhartha/Library/Application Support/MiKTeX/texmfs/install/tex/latex/l3backend/l3backend-pdftex.def
File: l3backend-pdftex.def 2024-05-08 L3 backend support: PDF output (pdfTeX)
\l__color_backend_stack_int=\count296
\l__pdf_internal_box=\box55
)
No file main.aux.
\openout1 = `main.aux'.

LaTeX Font Info:    Checking defaults for OML/cmm/m/it on input line 11.
LaTeX Font Info:    ... okay on input line 11.
LaTeX Font Info:    Checking defaults for OMS/cmsy/m/n on input line 11.
LaTeX Font Info:    ... okay on input line 11.
LaTeX Font Info:    Checking defaults for OT1/cmr/m/n on input line 11.
LaTeX Font Info:    ... okay on input line 11.
LaTeX Font Info:    Checking defaults for T1/cmr/m/n on input line 11.
LaTeX Font Info:    ... okay on input line 11.
LaTeX Font Info:    Checking defaults for TS1/cmr/m/n on input line 11.
LaTeX Font Info:    ... okay on input line 11.
LaTeX Font Info:    Checking defaults for OMX/cmex/m/n on input line 11.
LaTeX Font Info:    ... okay on input line 11.
LaTeX Font Info:    Checking defaults for U/cmr/m/n on input line 11.
LaTeX Font Info:    ... okay on input line 11.
LaTeX Font Info:    Checking defaults for PD1/pdf/m/n on input line 11.
LaTeX Font Info:    ... okay on input line 11.
LaTeX Font Info:    Checking defaults for PU/pdf/m/n on input line 11.
LaTeX Font Info:    ... okay on input line 11.
(/Users/siddhartha/Library/Application Support/MiKTeX/texmfs/install/tex/context/base/mkii/supp-pdf.mkii
[Loading MPS to PDF converter (version 2006.09.02).]
\scratchcounter=\count297
\scratchdimen=\dimen167
\scratchbox=\box56
\nofMPsegments=\count298
\nofMParguments=\count299
\everyMPshowfont=\toks23
\MPscratchCnt=\count300
\MPscratchDim=\dimen168
\MPnumerator=\count301
\makeMPintoPDFobject=\count302
\everyMPtoPDFconversion=\toks24
) (/Users/siddhartha/Library/Application Support/MiKTeX/texmfs/install/tex/latex/epstopdf-pkg/epstopdf-base.sty
Package: epstopdf-base 2020-01-24 v2.11 Base part for package epstopdf
Package epstopdf-base Info: Redefining graphics rule for `.eps' on input line 485.
 (/Users/siddhartha/Library/Application Support/MiKTeX/texmfs/install/tex/latex/00miktex/epstopdf-sys.cfg
File: epstopdf-sys.cfg 2021/03/18 v2.0 Configuration of epstopdf for MiKTeX
))
Package hyperref Info: Link coloring OFF on input line 11.
\@outlinefile=\write3
\openout3 = `main.out'.


No file main.toc.
\tf@toc=\write4
\openout4 = `main.toc'.



[1

{/Users/siddhartha/Library/Application Support/MiKTeX/texmfs/data/fonts/map/pdftex/pdftex.map}]

[2]

[3]
<../Images/Previous/Plot-analyzer.png, id=57, 887.315pt x 714.67pt>
File: ../Images/Previous/Plot-analyzer.png Graphic file (type png)
<use ../Images/Previous/Plot-analyzer.png>
Package pdftex.def Info: ../Images/Previous/Plot-analyzer.png  used on input line 75.
(pdftex.def)             Requested size: 266.19655pt x 214.40265pt.


LaTeX Warning: Reference `eq:DrainCurrent' on page 4 undefined on input line 84.


LaTeX Warning: Reference `eq:gain-factor' on page 4 undefined on input line 84.



[4 <../Images/Previous/Plot-analyzer.png>]

LaTeX Warning: Reference `eq:DrainCurrent' on page 5 undefined on input line 94.


LaTeX Warning: Reference `fig:ids-comp-4' on page 5 undefined on input line 94.

<../Images/Previous/Ids-comp.png, id=69, 462.528pt x 346.896pt>
File: ../Images/Previous/Ids-comp.png Graphic file (type png)
<use ../Images/Previous/Ids-comp.png>
Package pdftex.def Info: ../Images/Previous/Ids-comp.png  used on input line 97.
(pdftex.def)             Requested size: 277.51894pt x 208.13919pt.

LaTeX Warning: Reference `fig:ids-comp-3.5' on page 5 undefined on input line 101.

<../Images/Previous/Ids-comp-3.5.png, id=70, 462.528pt x 346.896pt>
File: ../Images/Previous/Ids-comp-3.5.png Graphic file (type png)
<use ../Images/Previous/Ids-comp-3.5.png>
Package pdftex.def Info: ../Images/Previous/Ids-comp-3.5.png  used on input line 104.
(pdftex.def)             Requested size: 277.51894pt x 208.13919pt.

LaTeX Warning: Reference `fig:ids-comp-10-3.5' on page 5 undefined on input line 107.



[5 <../Images/Previous/Ids-comp.png> <../Images/Previous/Ids-comp-3.5.png>]
<../Images/Previous/Ids-comp-10-3.5.png, id=78, 462.528pt x 346.896pt>
File: ../Images/Previous/Ids-comp-10-3.5.png Graphic file (type png)
<use ../Images/Previous/Ids-comp-10-3.5.png>
Package pdftex.def Info: ../Images/Previous/Ids-comp-10-3.5.png  used on input line 111.
(pdftex.def)             Requested size: 277.51894pt x 208.13919pt.


LaTeX Warning: Reference `fig:ids-comp-12-3.5' on page 6 undefined on input line 113.

<../Images/Previous/Ids-comp-12-3.5.png, id=79, 462.528pt x 346.896pt>
File: ../Images/Previous/Ids-comp-12-3.5.png Graphic file (type png)
<use ../Images/Previous/Ids-comp-12-3.5.png>
Package pdftex.def Info: ../Images/Previous/Ids-comp-12-3.5.png  used on input line 116.
(pdftex.def)             Requested size: 277.51894pt x 208.13919pt.


[6 <../Images/Previous/Ids-comp-10-3.5.png> <../Images/Previous/Ids-comp-12-3.5.png>]

LaTeX Warning: Reference `fig:Plot-Data-Digitized' on page 7 undefined on input line 125.

<../Images/Previous/Plot-Data-Digitized.png, id=86, 722.7pt x 578.16pt>
File: ../Images/Previous/Plot-Data-Digitized.png Graphic file (type png)
<use ../Images/Previous/Plot-Data-Digitized.png>
Package pdftex.def Info: ../Images/Previous/Plot-Data-Digitized.png  used on input line 128.
(pdftex.def)             Requested size: 289.07487pt x 231.2599pt.

LaTeX Warning: Reference `eq:new-model' on page 7 undefined on input line 131.



[7 <../Images/Previous/Plot-Data-Digitized.png>]
<../Images/Previous/Model-Fit-2.2-4-0.05-2.45.png, id=100, 578.16pt x 722.7pt>
File: ../Images/Previous/Model-Fit-2.2-4-0.05-2.45.png Graphic file (type png)
<use ../Images/Previous/Model-Fit-2.2-4-0.05-2.45.png>
Package pdftex.def Info: ../Images/Previous/Model-Fit-2.2-4-0.05-2.45.png  used on input line 154.
(pdftex.def)             Requested size: 231.2599pt x 289.07487pt.


[8 <../Images/Previous/Model-Fit-2.2-4-0.05-2.45.png>]

LaTeX Warning: Reference `fig:model-fit-2' on page 9 undefined on input line 165.

<../Images/Previous/Model-Fit-3-3-0.044--0.2.png, id=108, 578.16pt x 722.7pt>
File: ../Images/Previous/Model-Fit-3-3-0.044--0.2.png Graphic file (type png)
<use ../Images/Previous/Model-Fit-3-3-0.044--0.2.png>
Package pdftex.def Info: ../Images/Previous/Model-Fit-3-3-0.044--0.2.png  used on input line 168.
(pdftex.def)             Requested size: 231.2599pt x 289.07487pt.


[9 <../Images/Previous/Model-Fit-3-3-0.044--0.2.png>]

LaTeX Warning: Reference `eq:resistance' on page 10 undefined on input line 181.


LaTeX Warning: Reference `fig:model-1' on page 10 undefined on input line 186.


LaTeX Warning: Reference `eq:model-i-eq' on page 10 undefined on input line 186.


LaTeX Warning: Reference `eq:model-v-eqs' on page 10 undefined on input line 191.

<../Images/Previous/model-1.png, id=118, 554.07pt x 212.795pt>
File: ../Images/Previous/model-1.png Graphic file (type png)
<use ../Images/Previous/model-1.png>
Package pdftex.def Info: ../Images/Previous/model-1.png  used on input line 202.
(pdftex.def)             Requested size: 221.62407pt x 85.11649pt.


[10 <../Images/Previous/model-1.png>]

LaTeX Warning: Reference `eq:Iat' on page 11 undefined on input line 207.


LaTeX Warning: Reference `eq:Ist' on page 11 undefined on input line 217.


LaTeX Warning: Reference `eq:Is' on page 11 undefined on input line 222.


LaTeX Warning: Reference `fig:at-st' on page 11 undefined on input line 228.

<../Images/22072024/Ids-at-st.png, id=131, 669.2503pt x 399.74344pt>
File: ../Images/22072024/Ids-at-st.png Graphic file (type png)
<use ../Images/22072024/Ids-at-st.png>
Package pdftex.def Info: ../Images/22072024/Ids-at-st.png  used on input line 231.
(pdftex.def)             Requested size: 401.55328pt x 239.8479pt.

Overfull \hbox (56.55328pt too wide) in paragraph at lines 231--232
 [] 
 []



[11 <../Images/22072024/Ids-at-st.png>]

LaTeX Warning: Reference `fig:Itot' on page 12 undefined on input line 235.

<../Images/22072024/Ids-total.png, id=142, 414.04688pt x 351.56343pt>
File: ../Images/22072024/Ids-total.png Graphic file (type png)
<use ../Images/22072024/Ids-total.png>
Package pdftex.def Info: ../Images/22072024/Ids-total.png  used on input line 238.
(pdftex.def)             Requested size: 414.04585pt x 351.56256pt.

Overfull \hbox (69.04585pt too wide) in paragraph at lines 238--239
 [] 
 []

/Users/siddhartha/Documents/Professional/DDP/Report/main.tex:242: Missing $ inserted.
<inserted text> 
                $
l.242 ...radients of each point on $I_{at}$ curve}
                                                  
I've inserted a begin-math/end-math symbol since I think
you left one out. Proceed, with fingers crossed.

/Users/siddhartha/Documents/Professional/DDP/Report/main.tex:242: Extra }, or forgotten $.
<recently read> }
                 
l.242 ...radients of each point on $I_{at}$ curve}
                                                  
I've deleted a group-closing symbol because it seems to be
spurious, as in `$x}$'. But perhaps the } is legitimate and
you forgot something else, as in `\hbox{$x}'. In such cases
the way to recover is to insert both the forgotten and the
deleted material, e.g., by typing `I$}'.

/Users/siddhartha/Documents/Professional/DDP/Report/main.tex:242: Missing $ inserted.
<inserted text> 
                $
l.242 ...radients of each point on $I_{at}$ curve}
                                                  
I've inserted a begin-math/end-math symbol since I think
you left one out. Proceed, with fingers crossed.

/Users/siddhartha/Documents/Professional/DDP/Report/main.tex:242: Missing } inserted.
<inserted text> 
                }
l.242 ...radients of each point on $I_{at}$ curve}
                                                  
I've inserted something that you may have forgotten.
(See the <inserted text> above.)
With luck, this will get me unwedged. But if you
really didn't forget anything, try typing `2' now; then
my insertion and my current dilemma will both disappear.



[12 <../Images/22072024/Ids-total.png>] (main.aux)
 ***********
LaTeX2e <2024-06-01>
L3 programming layer <2024-05-08>
 ***********


LaTeX Warning: There were undefined references.


LaTeX Warning: Label(s) may have changed. Rerun to get cross-references right.


Package rerunfilecheck Warning: File `main.out' has changed.
(rerunfilecheck)                Rerun to get outlines right
(rerunfilecheck)                or use package `bookmark'.

Package rerunfilecheck Info: Checksums for `main.out':
(rerunfilecheck)             Before: <no file>
(rerunfilecheck)             After:  22AFB810FEE7C734933D49564B107CA0;649.
 ) 
Here is how much of TeX's memory you used:
 9941 strings out of 473938
 160786 string characters out of 5716572
 1943890 words of memory out of 5000000
 32610 multiletter control sequences out of 15000+600000
 563787 words of font info for 56 fonts, out of 8000000 for 9000
 1141 hyphenation exceptions out of 8191
 75i,16n,79p,410b,454s stack positions out of 10000i,1000n,20000p,200000b,200000s
 </Users/siddhartha/Library/Application Support/MiKTeX/texmfs/data/fonts/pk/ljfour/jknappen/ec/dpi600/tcrm1000.pk></Users/siddhartha/Library/Application Support/MiKTeX/texmfs/install/fonts/type1/public/amsfonts/cm/cmbx10.pfb></Users/siddhartha/Library/Application Support/MiKTeX/texmfs/install/fonts/type1/public/amsfonts/cm/cmbx12.pfb></Users/siddhartha/Library/Application Support/MiKTeX/texmfs/install/fonts/type1/public/amsfonts/cm/cmex10.pfb></Users/siddhartha/Library/Application Support/MiKTeX/texmfs/install/fonts/type1/public/amsfonts/cm/cmmi10.pfb></Users/siddhartha/Library/Application Support/MiKTeX/texmfs/install/fonts/type1/public/amsfonts/cm/cmmi5.pfb></Users/siddhartha/Library/Application Support/MiKTeX/texmfs/install/fonts/type1/public/amsfonts/cm/cmmi7.pfb></Users/siddhartha/Library/Application Support/MiKTeX/texmfs/install/fonts/type1/public/amsfonts/cm/cmr10.pfb></Users/siddhartha/Library/Application Support/MiKTeX/texmfs/install/fonts/type1/public/amsfonts/cm/cmr12.pfb></Users/siddhartha/Library/Application Support/MiKTeX/texmfs/install/fonts/type1/public/amsfonts/cm/cmr17.pfb></Users/siddhartha/Library/Application Support/MiKTeX/texmfs/install/fonts/type1/public/amsfonts/cm/cmr5.pfb></Users/siddhartha/Library/Application Support/MiKTeX/texmfs/install/fonts/type1/public/amsfonts/cm/cmr7.pfb></Users/siddhartha/Library/Application Support/MiKTeX/texmfs/install/fonts/type1/public/amsfonts/cm/cmsy10.pfb></Users/siddhartha/Library/Application Support/MiKTeX/texmfs/install/fonts/type1/public/amsfonts/cm/cmsy7.pfb>
Output written on main.pdf (12 pages, 1084526 bytes).
PDF statistics:
 223 PDF objects out of 1000 (max. 8388607)
 71 named destinations out of 1000 (max. 500000)
 56 words of extra memory for PDF output out of 10000 (max. 10000000)

